<?xml version="1.0" encoding="UTF-8"?>
<!-- Generated by org.testng.reporters.JUnitReportReporter -->
<testsuite hostname="DESKTOP-Q4ILRRD" failures="0" tests="1" name="petco_RestAssured_BDD.PUT_Request" time="2.401" errors="0" timestamp="2020-10-02T14:38:46 EDT" skipped="0">
  <testcase classname="petco_RestAssured_BDD.PUT_Request" name="testPost" time="2.401"/>
  <system-out/>
</testsuite> <!-- petco_RestAssured_BDD.PUT_Request -->
