<?xml version="1.0" encoding="UTF-8"?>
<!-- Generated by org.testng.reporters.JUnitReportReporter -->
<testsuite hostname="DESKTOP-Q4ILRRD" failures="0" tests="1" name="petco_RestAssured_BDD.PUT_Request" time="2.374" errors="0" timestamp="2020-10-02T16:43:29 EDT" skipped="0">
  <testcase classname="petco_RestAssured_BDD.PUT_Request" name="testPut" time="2.374"/>
  <system-out/>
</testsuite> <!-- petco_RestAssured_BDD.PUT_Request -->
